<?xml version="1.0" encoding="UTF-8" standalone="yes"?>
<ns2:test-suite start="1536535621443" stop="1536535670196" version="1.5.2" xmlns:ns2="urn:model.allure.qatools.yandex.ru">
    <name>Test removing mail into spam</name>
    <description type="text"></description>
    <test-cases>
        <test-case start="1536535621444" stop="1536535670196" status="broken">
            <name>Mark mail as not a spam</name>
            <title>Mark mail as not a spam</title>
            <description type="text"></description>
            <failure>
                <message>NoSuchElementException: no such element: Unable to locate element: {"method":"xpath","selector":"(//div[@class='b-checkbox__box'])[3]"}
  (Session info: chrome=68.0.3440.106)
  (Driver info: chromedriver=2.41.578700 (2f1ed5f9343c13f73144538f15c00b370eda6706),platform=Linux 4.15.0-33-generic x86_64) (WARNING: The server did not provide any stacktrace information)
Command duration or timeout: 60 milliseconds
For documentation on this error, please visit: http://seleniumhq.org/exceptions/no_such_element.html
Build info: version: '2.53.1', revision: 'a36b8b1cd5757287168e54b817830adce9b0158d', time: '2016-06-30 19:26:09'
System info: host: 'ubuntu-acer', ip: '127.0.1.1', os.name: 'Linux', os.arch: 'amd64', os.version: '4.15.0-33-generic', java.version: '1.8.0_181'
Driver info: org.openqa.selenium.chrome.ChromeDriver
Capabilities [{mobileEmulationEnabled=false, hasTouchScreen=false, platform=LINUX, acceptSslCerts=false, goog:chromeOptions={debuggerAddress=localhost:41875}, acceptInsecureCerts=false, webStorageEnabled=true, browserName=chrome, takesScreenshot=true, javascriptEnabled=true, setWindowRect=true, unexpectedAlertBehaviour=, applicationCacheEnabled=false, rotatable=false, networkConnectionEnabled=false, chrome={chromedriverVersion=2.41.578700 (2f1ed5f9343c13f73144538f15c00b370eda6706), userDataDir=/tmp/.org.chromium.Chromium.6RXQlh}, takesHeapSnapshot=true, pageLoadStrategy=normal, databaseEnabled=false, handlesAlerts=true, version=68.0.3440.106, browserConnectionEnabled=false, nativeEvents=true, locationContextEnabled=true, cssSelectorsEnabled=true}]
Session ID: e79930d369850dbfd1a21e857cfa2725
*** Element info: {Using=xpath, value=(//div[@class='b-checkbox__box'])[3]}</message>
                <stack-trace>org.openqa.selenium.NoSuchElementException: no such element: Unable to locate element: {"method":"xpath","selector":"(//div[@class='b-checkbox__box'])[3]"}
  (Session info: chrome=68.0.3440.106)
  (Driver info: chromedriver=2.41.578700 (2f1ed5f9343c13f73144538f15c00b370eda6706),platform=Linux 4.15.0-33-generic x86_64) (WARNING: The server did not provide any stacktrace information)
Command duration or timeout: 60 milliseconds
For documentation on this error, please visit: http://seleniumhq.org/exceptions/no_such_element.html
Build info: version: '2.53.1', revision: 'a36b8b1cd5757287168e54b817830adce9b0158d', time: '2016-06-30 19:26:09'
System info: host: 'ubuntu-acer', ip: '127.0.1.1', os.name: 'Linux', os.arch: 'amd64', os.version: '4.15.0-33-generic', java.version: '1.8.0_181'
Driver info: org.openqa.selenium.chrome.ChromeDriver
Capabilities [{mobileEmulationEnabled=false, hasTouchScreen=false, platform=LINUX, acceptSslCerts=false, goog:chromeOptions={debuggerAddress=localhost:41875}, acceptInsecureCerts=false, webStorageEnabled=true, browserName=chrome, takesScreenshot=true, javascriptEnabled=true, setWindowRect=true, unexpectedAlertBehaviour=, applicationCacheEnabled=false, rotatable=false, networkConnectionEnabled=false, chrome={chromedriverVersion=2.41.578700 (2f1ed5f9343c13f73144538f15c00b370eda6706), userDataDir=/tmp/.org.chromium.Chromium.6RXQlh}, takesHeapSnapshot=true, pageLoadStrategy=normal, databaseEnabled=false, handlesAlerts=true, version=68.0.3440.106, browserConnectionEnabled=false, nativeEvents=true, locationContextEnabled=true, cssSelectorsEnabled=true}]
Session ID: e79930d369850dbfd1a21e857cfa2725
*** Element info: {Using=xpath, value=(//div[@class='b-checkbox__box'])[3]}
	at sun.reflect.NativeConstructorAccessorImpl.newInstance0(Native Method)
	at sun.reflect.NativeConstructorAccessorImpl.newInstance(NativeConstructorAccessorImpl.java:62)
	at sun.reflect.DelegatingConstructorAccessorImpl.newInstance(DelegatingConstructorAccessorImpl.java:45)
	at java.lang.reflect.Constructor.newInstance(Constructor.java:423)
	at org.openqa.selenium.remote.ErrorHandler.createThrowable(ErrorHandler.java:206)
	at org.openqa.selenium.remote.ErrorHandler.throwIfResponseFailed(ErrorHandler.java:158)
	at org.openqa.selenium.remote.RemoteWebDriver.execute(RemoteWebDriver.java:678)
	at org.openqa.selenium.remote.RemoteWebDriver.findElement(RemoteWebDriver.java:363)
	at org.openqa.selenium.remote.RemoteWebDriver.findElementByXPath(RemoteWebDriver.java:500)
	at org.openqa.selenium.By$ByXPath.findElement(By.java:361)
	at org.openqa.selenium.remote.RemoteWebDriver.findElement(RemoteWebDriver.java:355)
	at org.openqa.selenium.support.pagefactory.DefaultElementLocator.findElement(DefaultElementLocator.java:69)
	at org.openqa.selenium.support.pagefactory.internal.LocatingElementHandler.invoke(LocatingElementHandler.java:38)
	at com.sun.proxy.$Proxy18.click(Unknown Source)
	at Page.SpamLetterPage.setSpamLetter(SpamLetterPage.java:29)
	at Steps.SpamLetterPageSteps.iRemoveMailIntoSpam(SpamLetterPageSteps.java:46)
	at âœ½.When I remove mail into spam(java/NotSpamLetterPage.feature:5)
</stack-trace>
            </failure>
            <steps>
                <step start="1536535621444" stop="1536535657276" status="passed">
                    <name>Given I am on incoming mails page to remove mails from spam</name>
                    <title>Given I am on incoming mails page to remove mails from spam</title>
                </step>
                <step start="1536535657277" stop="1536535658776" status="broken">
                    <name>When I remove mail into spam</name>
                    <title>When I remove mail into spam</title>
                </step>
                <step start="1536535658776" stop="1536535658776" status="canceled">
                    <name>Then I see a positive notification that messages are not spam</name>
                    <title>Then I see a positive notification that messages are not spam</title>
                </step>
            </steps>
            <attachments/>
            <labels>
                <label name="story" value="Mark mail as not a spam"/>
                <label name="feature" value="Test removing mail into spam"/>
                <label name="host" value="ubuntu-acer"/>
                <label name="thread" value="16223@ubuntu-acer.main(1)"/>
                <label name="framework" value="CucumberJVM"/>
            </labels>
        </test-case>
    </test-cases>
    <labels>
        <label name="feature" value="Test removing mail into spam"/>
        <label name="language" value="JAVA"/>
    </labels>
</ns2:test-suite>
